  正在验证源
  正在将源远程复制到“192.168.122.1”
  正在验证体系结构
  正在验证体系结构
  正在启动远程生成
  正在编译源:
  ClientOP.cpp
C:\Users\Lenovo\Desktop\Program\5_数据传输\Linux_serverop\Linux_serverop\ClientOP.cpp(2,17): error : json.h: No such file or directory
C:\Users\Lenovo\Desktop\Program\5_数据传输\Linux_serverop\Linux_serverop\ClientOP.cpp(2,17): error :  #include<json.h>
C:\Users\Lenovo\Desktop\Program\5_数据传输\Linux_serverop\Linux_serverop\ClientOP.cpp(2,17): error :                  ^
C:\Users\Lenovo\Desktop\Program\5_数据传输\Linux_serverop\Linux_serverop\ClientOP.cpp(2,17): error : compilation terminated.
  main.cpp
C:\Users\Lenovo\Desktop\Program\5_数据传输\Linux_serverop\Linux_serverop\Message.pb.h(17,2): error : #error This file was generated by an older version of protoc which is
C:\Users\Lenovo\Desktop\Program\5_数据传输\Linux_serverop\Linux_serverop\Message.pb.h(17,2): error :  #error This file was generated by an older version of protoc which is
C:\Users\Lenovo\Desktop\Program\5_数据传输\Linux_serverop\Linux_serverop\Message.pb.h(17,2): error :   ^
C:\Users\Lenovo\Desktop\Program\5_数据传输\Linux_serverop\Linux_serverop\Message.pb.h(18,2): error : #error incompatible with your Protocol Buffer headers. Please
C:\Users\Lenovo\Desktop\Program\5_数据传输\Linux_serverop\Linux_serverop\Message.pb.h(18,2): error :  #error incompatible with your Protocol Buffer headers. Please
C:\Users\Lenovo\Desktop\Program\5_数据传输\Linux_serverop\Linux_serverop\Message.pb.h(18,2): error :   ^
C:\Users\Lenovo\Desktop\Program\5_数据传输\Linux_serverop\Linux_serverop\Message.pb.h(19,2): error : #error regenerate this file with a newer version of protoc.
C:\Users\Lenovo\Desktop\Program\5_数据传输\Linux_serverop\Linux_serverop\Message.pb.h(19,2): error :  #error regenerate this file with a newer version of protoc.
C:\Users\Lenovo\Desktop\Program\5_数据传输\Linux_serverop\Linux_serverop\Message.pb.h(19,2): error :   ^
C:\Users\Lenovo\Desktop\Program\5_数据传输\Linux_serverop\Linux_serverop\Message.pb.h(28,50): error : google/protobuf/inlined_string_field.h: No such file or directory
C:\Users\Lenovo\Desktop\Program\5_数据传输\Linux_serverop\Linux_serverop\Message.pb.h(28,50): error :  #include <google/protobuf/inlined_string_field.h>
C:\Users\Lenovo\Desktop\Program\5_数据传输\Linux_serverop\Linux_serverop\Message.pb.h(28,50): error :                                                   ^
C:\Users\Lenovo\Desktop\Program\5_数据传输\Linux_serverop\Linux_serverop\Message.pb.h(28,50): error : compilation terminated.
  Message.pb.cc
C:\Users\Lenovo\Desktop\Program\5_数据传输\Linux_serverop\Linux_serverop\Message.pb.h(17,2): error : #error This file was generated by an older version of protoc which is
C:\Users\Lenovo\Desktop\Program\5_数据传输\Linux_serverop\Linux_serverop\Message.pb.h(17,2): error :  #error This file was generated by an older version of protoc which is
C:\Users\Lenovo\Desktop\Program\5_数据传输\Linux_serverop\Linux_serverop\Message.pb.h(17,2): error :   ^
C:\Users\Lenovo\Desktop\Program\5_数据传输\Linux_serverop\Linux_serverop\Message.pb.h(18,2): error : #error incompatible with your Protocol Buffer headers. Please
C:\Users\Lenovo\Desktop\Program\5_数据传输\Linux_serverop\Linux_serverop\Message.pb.h(18,2): error :  #error incompatible with your Protocol Buffer headers. Please
C:\Users\Lenovo\Desktop\Program\5_数据传输\Linux_serverop\Linux_serverop\Message.pb.h(18,2): error :   ^
C:\Users\Lenovo\Desktop\Program\5_数据传输\Linux_serverop\Linux_serverop\Message.pb.h(19,2): error : #error regenerate this file with a newer version of protoc.
C:\Users\Lenovo\Desktop\Program\5_数据传输\Linux_serverop\Linux_serverop\Message.pb.h(19,2): error :  #error regenerate this file with a newer version of protoc.
C:\Users\Lenovo\Desktop\Program\5_数据传输\Linux_serverop\Linux_serverop\Message.pb.h(19,2): error :   ^
C:\Users\Lenovo\Desktop\Program\5_数据传输\Linux_serverop\Linux_serverop\Message.pb.h(28,50): error : google/protobuf/inlined_string_field.h: No such file or directory
C:\Users\Lenovo\Desktop\Program\5_数据传输\Linux_serverop\Linux_serverop\Message.pb.h(28,50): error :  #include <google/protobuf/inlined_string_field.h>
C:\Users\Lenovo\Desktop\Program\5_数据传输\Linux_serverop\Linux_serverop\Message.pb.h(28,50): error :                                                   ^
C:\Users\Lenovo\Desktop\Program\5_数据传输\Linux_serverop\Linux_serverop\Message.pb.h(28,50): error : compilation terminated.
  msg.pb.cc
C:\Users\Lenovo\Desktop\Program\5_数据传输\Linux_serverop\Linux_serverop\msg.pb.h(17,2): error : #error This file was generated by an older version of protoc which is
C:\Users\Lenovo\Desktop\Program\5_数据传输\Linux_serverop\Linux_serverop\msg.pb.h(17,2): error :  #error This file was generated by an older version of protoc which is
C:\Users\Lenovo\Desktop\Program\5_数据传输\Linux_serverop\Linux_serverop\msg.pb.h(17,2): error :   ^
C:\Users\Lenovo\Desktop\Program\5_数据传输\Linux_serverop\Linux_serverop\msg.pb.h(18,2): error : #error incompatible with your Protocol Buffer headers. Please
C:\Users\Lenovo\Desktop\Program\5_数据传输\Linux_serverop\Linux_serverop\msg.pb.h(18,2): error :  #error incompatible with your Protocol Buffer headers. Please
C:\Users\Lenovo\Desktop\Program\5_数据传输\Linux_serverop\Linux_serverop\msg.pb.h(18,2): error :   ^
C:\Users\Lenovo\Desktop\Program\5_数据传输\Linux_serverop\Linux_serverop\msg.pb.h(19,2): error : #error regenerate this file with a newer version of protoc.
C:\Users\Lenovo\Desktop\Program\5_数据传输\Linux_serverop\Linux_serverop\msg.pb.h(19,2): error :  #error regenerate this file with a newer version of protoc.
C:\Users\Lenovo\Desktop\Program\5_数据传输\Linux_serverop\Linux_serverop\msg.pb.h(19,2): error :   ^
C:\Users\Lenovo\Desktop\Program\5_数据传输\Linux_serverop\Linux_serverop\msg.pb.h(28,50): error : google/protobuf/inlined_string_field.h: No such file or directory
C:\Users\Lenovo\Desktop\Program\5_数据传输\Linux_serverop\Linux_serverop\msg.pb.h(28,50): error :  #include <google/protobuf/inlined_string_field.h>
C:\Users\Lenovo\Desktop\Program\5_数据传输\Linux_serverop\Linux_serverop\msg.pb.h(28,50): error :                                                   ^
C:\Users\Lenovo\Desktop\Program\5_数据传输\Linux_serverop\Linux_serverop\msg.pb.h(28,50): error : compilation terminated.
  RequestCodec.cpp
C:\Users\Lenovo\Desktop\Program\5_数据传输\Linux_serverop\Linux_serverop\msg.pb.h(17,2): error : #error This file was generated by an older version of protoc which is
C:\Users\Lenovo\Desktop\Program\5_数据传输\Linux_serverop\Linux_serverop\msg.pb.h(17,2): error :  #error This file was generated by an older version of protoc which is
C:\Users\Lenovo\Desktop\Program\5_数据传输\Linux_serverop\Linux_serverop\msg.pb.h(17,2): error :   ^
C:\Users\Lenovo\Desktop\Program\5_数据传输\Linux_serverop\Linux_serverop\msg.pb.h(18,2): error : #error incompatible with your Protocol Buffer headers. Please
C:\Users\Lenovo\Desktop\Program\5_数据传输\Linux_serverop\Linux_serverop\msg.pb.h(18,2): error :  #error incompatible with your Protocol Buffer headers. Please
C:\Users\Lenovo\Desktop\Program\5_数据传输\Linux_serverop\Linux_serverop\msg.pb.h(18,2): error :   ^
C:\Users\Lenovo\Desktop\Program\5_数据传输\Linux_serverop\Linux_serverop\msg.pb.h(19,2): error : #error regenerate this file with a newer version of protoc.
C:\Users\Lenovo\Desktop\Program\5_数据传输\Linux_serverop\Linux_serverop\msg.pb.h(19,2): error :  #error regenerate this file with a newer version of protoc.
C:\Users\Lenovo\Desktop\Program\5_数据传输\Linux_serverop\Linux_serverop\msg.pb.h(19,2): error :   ^
C:\Users\Lenovo\Desktop\Program\5_数据传输\Linux_serverop\Linux_serverop\msg.pb.h(28,50): error : google/protobuf/inlined_string_field.h: No such file or directory
C:\Users\Lenovo\Desktop\Program\5_数据传输\Linux_serverop\Linux_serverop\msg.pb.h(28,50): error :  #include <google/protobuf/inlined_string_field.h>
C:\Users\Lenovo\Desktop\Program\5_数据传输\Linux_serverop\Linux_serverop\msg.pb.h(28,50): error :                                                   ^
C:\Users\Lenovo\Desktop\Program\5_数据传输\Linux_serverop\Linux_serverop\msg.pb.h(28,50): error : compilation terminated.
  RequestFactory.cpp
C:\Users\Lenovo\Desktop\Program\5_数据传输\Linux_serverop\Linux_serverop\msg.pb.h(17,2): error : #error This file was generated by an older version of protoc which is
C:\Users\Lenovo\Desktop\Program\5_数据传输\Linux_serverop\Linux_serverop\msg.pb.h(17,2): error :  #error This file was generated by an older version of protoc which is
C:\Users\Lenovo\Desktop\Program\5_数据传输\Linux_serverop\Linux_serverop\msg.pb.h(17,2): error :   ^
C:\Users\Lenovo\Desktop\Program\5_数据传输\Linux_serverop\Linux_serverop\msg.pb.h(18,2): error : #error incompatible with your Protocol Buffer headers. Please
C:\Users\Lenovo\Desktop\Program\5_数据传输\Linux_serverop\Linux_serverop\msg.pb.h(18,2): error :  #error incompatible with your Protocol Buffer headers. Please
C:\Users\Lenovo\Desktop\Program\5_数据传输\Linux_serverop\Linux_serverop\msg.pb.h(18,2): error :   ^
C:\Users\Lenovo\Desktop\Program\5_数据传输\Linux_serverop\Linux_serverop\msg.pb.h(19,2): error : #error regenerate this file with a newer version of protoc.
C:\Users\Lenovo\Desktop\Program\5_数据传输\Linux_serverop\Linux_serverop\msg.pb.h(19,2): error :  #error regenerate this file with a newer version of protoc.
C:\Users\Lenovo\Desktop\Program\5_数据传输\Linux_serverop\Linux_serverop\msg.pb.h(19,2): error :   ^
C:\Users\Lenovo\Desktop\Program\5_数据传输\Linux_serverop\Linux_serverop\msg.pb.h(28,50): error : google/protobuf/inlined_string_field.h: No such file or directory
C:\Users\Lenovo\Desktop\Program\5_数据传输\Linux_serverop\Linux_serverop\msg.pb.h(28,50): error :  #include <google/protobuf/inlined_string_field.h>
C:\Users\Lenovo\Desktop\Program\5_数据传输\Linux_serverop\Linux_serverop\msg.pb.h(28,50): error :                                                   ^
C:\Users\Lenovo\Desktop\Program\5_数据传输\Linux_serverop\Linux_serverop\msg.pb.h(28,50): error : compilation terminated.
  RespondCodec.cpp
C:\Users\Lenovo\Desktop\Program\5_数据传输\Linux_serverop\Linux_serverop\msg.pb.h(17,2): error : #error This file was generated by an older version of protoc which is
C:\Users\Lenovo\Desktop\Program\5_数据传输\Linux_serverop\Linux_serverop\msg.pb.h(17,2): error :  #error This file was generated by an older version of protoc which is
C:\Users\Lenovo\Desktop\Program\5_数据传输\Linux_serverop\Linux_serverop\msg.pb.h(17,2): error :   ^
C:\Users\Lenovo\Desktop\Program\5_数据传输\Linux_serverop\Linux_serverop\msg.pb.h(18,2): error : #error incompatible with your Protocol Buffer headers. Please
C:\Users\Lenovo\Desktop\Program\5_数据传输\Linux_serverop\Linux_serverop\msg.pb.h(18,2): error :  #error incompatible with your Protocol Buffer headers. Please
C:\Users\Lenovo\Desktop\Program\5_数据传输\Linux_serverop\Linux_serverop\msg.pb.h(18,2): error :   ^
C:\Users\Lenovo\Desktop\Program\5_数据传输\Linux_serverop\Linux_serverop\msg.pb.h(19,2): error : #error regenerate this file with a newer version of protoc.
C:\Users\Lenovo\Desktop\Program\5_数据传输\Linux_serverop\Linux_serverop\msg.pb.h(19,2): error :  #error regenerate this file with a newer version of protoc.
C:\Users\Lenovo\Desktop\Program\5_数据传输\Linux_serverop\Linux_serverop\msg.pb.h(19,2): error :   ^
C:\Users\Lenovo\Desktop\Program\5_数据传输\Linux_serverop\Linux_serverop\msg.pb.h(28,50): error : google/protobuf/inlined_string_field.h: No such file or directory
C:\Users\Lenovo\Desktop\Program\5_数据传输\Linux_serverop\Linux_serverop\msg.pb.h(28,50): error :  #include <google/protobuf/inlined_string_field.h>
C:\Users\Lenovo\Desktop\Program\5_数据传输\Linux_serverop\Linux_serverop\msg.pb.h(28,50): error :                                                   ^
C:\Users\Lenovo\Desktop\Program\5_数据传输\Linux_serverop\Linux_serverop\msg.pb.h(28,50): error : compilation terminated.
  RespondFactory.cpp
C:\Users\Lenovo\Desktop\Program\5_数据传输\Linux_serverop\Linux_serverop\msg.pb.h(17,2): error : #error This file was generated by an older version of protoc which is
C:\Users\Lenovo\Desktop\Program\5_数据传输\Linux_serverop\Linux_serverop\msg.pb.h(17,2): error :  #error This file was generated by an older version of protoc which is
C:\Users\Lenovo\Desktop\Program\5_数据传输\Linux_serverop\Linux_serverop\msg.pb.h(17,2): error :   ^
C:\Users\Lenovo\Desktop\Program\5_数据传输\Linux_serverop\Linux_serverop\msg.pb.h(18,2): error : #error incompatible with your Protocol Buffer headers. Please
C:\Users\Lenovo\Desktop\Program\5_数据传输\Linux_serverop\Linux_serverop\msg.pb.h(18,2): error :  #error incompatible with your Protocol Buffer headers. Please
C:\Users\Lenovo\Desktop\Program\5_数据传输\Linux_serverop\Linux_serverop\msg.pb.h(18,2): error :   ^
C:\Users\Lenovo\Desktop\Program\5_数据传输\Linux_serverop\Linux_serverop\msg.pb.h(19,2): error : #error regenerate this file with a newer version of protoc.
C:\Users\Lenovo\Desktop\Program\5_数据传输\Linux_serverop\Linux_serverop\msg.pb.h(19,2): error :  #error regenerate this file with a newer version of protoc.
C:\Users\Lenovo\Desktop\Program\5_数据传输\Linux_serverop\Linux_serverop\msg.pb.h(19,2): error :   ^
C:\Users\Lenovo\Desktop\Program\5_数据传输\Linux_serverop\Linux_serverop\msg.pb.h(28,50): error : google/protobuf/inlined_string_field.h: No such file or directory
C:\Users\Lenovo\Desktop\Program\5_数据传输\Linux_serverop\Linux_serverop\msg.pb.h(28,50): error :  #include <google/protobuf/inlined_string_field.h>
C:\Users\Lenovo\Desktop\Program\5_数据传输\Linux_serverop\Linux_serverop\msg.pb.h(28,50): error :                                                   ^
C:\Users\Lenovo\Desktop\Program\5_数据传输\Linux_serverop\Linux_serverop\msg.pb.h(28,50): error : compilation terminated.
  RsaCrypto.cpp
C:\Users\Lenovo\Desktop\Program\5_数据传输\Linux_serverop\Linux_serverop\RsaCrypto.cpp(7,29): error : openssl/applink.c: No such file or directory
C:\Users\Lenovo\Desktop\Program\5_数据传输\Linux_serverop\Linux_serverop\RsaCrypto.cpp(7,29): error :  #include <openssl/applink.c>
C:\Users\Lenovo\Desktop\Program\5_数据传输\Linux_serverop\Linux_serverop\RsaCrypto.cpp(7,29): error :                              ^
C:\Users\Lenovo\Desktop\Program\5_数据传输\Linux_serverop\Linux_serverop\RsaCrypto.cpp(7,29): error : compilation terminated.
  ServerOP.cpp
C:\Users\Lenovo\Desktop\Program\5_数据传输\Linux_serverop\Linux_serverop\Message.pb.h(17,2): error : #error This file was generated by an older version of protoc which is
C:\Users\Lenovo\Desktop\Program\5_数据传输\Linux_serverop\Linux_serverop\Message.pb.h(17,2): error :  #error This file was generated by an older version of protoc which is
C:\Users\Lenovo\Desktop\Program\5_数据传输\Linux_serverop\Linux_serverop\Message.pb.h(17,2): error :   ^
C:\Users\Lenovo\Desktop\Program\5_数据传输\Linux_serverop\Linux_serverop\Message.pb.h(18,2): error : #error incompatible with your Protocol Buffer headers. Please
C:\Users\Lenovo\Desktop\Program\5_数据传输\Linux_serverop\Linux_serverop\Message.pb.h(18,2): error :  #error incompatible with your Protocol Buffer headers. Please
C:\Users\Lenovo\Desktop\Program\5_数据传输\Linux_serverop\Linux_serverop\Message.pb.h(18,2): error :   ^
C:\Users\Lenovo\Desktop\Program\5_数据传输\Linux_serverop\Linux_serverop\Message.pb.h(19,2): error : #error regenerate this file with a newer version of protoc.
C:\Users\Lenovo\Desktop\Program\5_数据传输\Linux_serverop\Linux_serverop\Message.pb.h(19,2): error :  #error regenerate this file with a newer version of protoc.
C:\Users\Lenovo\Desktop\Program\5_数据传输\Linux_serverop\Linux_serverop\Message.pb.h(19,2): error :   ^
C:\Users\Lenovo\Desktop\Program\5_数据传输\Linux_serverop\Linux_serverop\Message.pb.h(28,50): error : google/protobuf/inlined_string_field.h: No such file or directory
C:\Users\Lenovo\Desktop\Program\5_数据传输\Linux_serverop\Linux_serverop\Message.pb.h(28,50): error :  #include <google/protobuf/inlined_string_field.h>
C:\Users\Lenovo\Desktop\Program\5_数据传输\Linux_serverop\Linux_serverop\Message.pb.h(28,50): error :                                                   ^
C:\Users\Lenovo\Desktop\Program\5_数据传输\Linux_serverop\Linux_serverop\Message.pb.h(28,50): error : compilation terminated.
